\BOOKMARK [1][-]{section.1}{Introduction}{}% 1
\BOOKMARK [1][-]{section.2}{Pressure vessel}{}% 2
\BOOKMARK [1][-]{section.3}{Gas system}{}% 3
\BOOKMARK [2][-]{subsection.3.1}{Cryo-recovery protocol}{section.3}% 4
\BOOKMARK [2][-]{subsection.3.2}{Gas Mixtures}{section.3}% 5
\BOOKMARK [2][-]{subsection.3.3}{Technical and safety specifications}{section.3}% 6
\BOOKMARK [1][-]{section.4}{Field Cage}{}% 7
\BOOKMARK [2][-]{subsection.4.1}{Drift region}{section.4}% 8
\BOOKMARK [2][-]{subsection.4.2}{Buffer region}{section.4}% 9
\BOOKMARK [2][-]{subsection.4.3}{High voltage feedthroughs}{section.4}% 10
\BOOKMARK [2][-]{subsection.4.4}{Cathode grid}{section.4}% 11
\BOOKMARK [2][-]{subsection.4.5}{Electroluminescent region}{section.4}% 12
\BOOKMARK [1][-]{section.5}{Electrical Power}{}% 13
\BOOKMARK [1][-]{section.6}{Experimental area distribution}{}% 14
\BOOKMARK [1][-]{section.7}{Safety issues}{}% 15
\BOOKMARK [2][-]{subsection.7.1}{Pressure Risks}{section.7}% 16
\BOOKMARK [3][-]{subsubsection.7.1.1}{Pressure Vessel}{subsection.7.1}% 17
\BOOKMARK [3][-]{subsubsection.7.1.2}{Gas system}{subsection.7.1}% 18
\BOOKMARK [3][-]{subsubsection.7.1.3}{Recovery Bottles}{subsection.7.1}% 19
\BOOKMARK [3][-]{subsubsection.7.1.4}{Safety systems implemented}{subsection.7.1}% 20
\BOOKMARK [2][-]{subsection.7.2}{Oxygen displacement}{section.7}% 21
\BOOKMARK [2][-]{subsection.7.3}{High Voltage safety}{section.7}% 22
\BOOKMARK [2][-]{subsection.7.4}{Fire}{section.7}% 23
\BOOKMARK [2][-]{subsection.7.5}{Cryogenics}{section.7}% 24
\BOOKMARK [1][-]{appendix.A}{List of attachments}{}% 25
